Using pre-set license
Built from '2020.3/staging' branch; Version is '2020.3.21f1 (a38c86f6690f) revision 10718342'; Using compiler version '192528614'; Build Type 'Release'
OS: 'Windows 10 Home; OS build 19044.1586; Version 2009; 64bit' Language: 'en' Physical Memory: 16259 MB
BatchMode: 1, IsHumanControllingUs: 0, StartBugReporterOnCrash: 0, Is64bit: 1, IsPro: 0

COMMAND LINE ARGUMENTS:
C:\Program Files\Unity\Hub\Editor\2020.3.21f1\Editor\Unity.exe
-adb2
-batchMode
-noUpm
-name
AssetImportWorker0
-projectPath
C:/Users/Gregory Macharia/Desktop/Anaru Unity/Anaru_Unity_Project
-logFile
Logs/AssetImportWorker0.log
-srvPort
49751
Successfully changed project path to: C:/Users/Gregory Macharia/Desktop/Anaru Unity/Anaru_Unity_Project
C:/Users/Gregory Macharia/Desktop/Anaru Unity/Anaru_Unity_Project
Using Asset Import Pipeline V2.
Refreshing native plugins compatible for Editor in 48.28 ms, found 2 plugins.
Preloading 0 native plugins for Editor in 0.00 ms.
Initialize engine version: 2020.3.21f1 (a38c86f6690f)
[Subsystems] Discovering subsystems at path C:/Program Files/Unity/Hub/Editor/2020.3.21f1/Editor/Data/Resources/UnitySubsystems
[Subsystems] Discovering subsystems at path C:/Users/Gregory Macharia/Desktop/Anaru Unity/Anaru_Unity_Project/Assets
GfxDevice: creating device client; threaded=0
Direct3D:
    Version:  Direct3D 11.0 [level 11.1]
    Renderer: NVIDIA GeForce MX150 (ID=0x1d10)
    Vendor:   
    VRAM:     1983 MB
    Driver:   26.21.14.4614
Initialize mono
Mono path[0] = 'C:/Program Files/Unity/Hub/Editor/2020.3.21f1/Editor/Data/Managed'
Mono path[1] = 'C:/Program Files/Unity/Hub/Editor/2020.3.21f1/Editor/Data/MonoBleedingEdge/lib/mono/unityjit'
Mono config path = 'C:/Program Files/Unity/Hub/Editor/2020.3.21f1/Editor/Data/MonoBleedingEdge/etc'
Using monoOptions --debugger-agent=transport=dt_socket,embedding=1,server=y,suspend=n,address=127.0.0.1:56488
Begin MonoManager ReloadAssembly
Registering precompiled unity dll's ...
Register platform support module: C:/Program Files/Unity/Hub/Editor/2020.3.21f1/Editor/Data/PlaybackEngines/WindowsStandaloneSupport/UnityEditor.WindowsStandalone.Extensions.dll
Registered in 0.002205 seconds.
Native extension for WindowsStandalone target not found
Refreshing native plugins compatible for Editor in 59.75 ms, found 2 plugins.
Preloading 0 native plugins for Editor in 0.00 ms.
Mono: successfully reloaded assembly
- Completed reload, in  2.429 seconds
Domain Reload Profiling:
	ReloadAssembly (2429ms)
		BeginReloadAssembly (54ms)
			ExecutionOrderSort (0ms)
			DisableScriptedObjects (0ms)
			BackupInstance (0ms)
			ReleaseScriptingObjects (0ms)
			CreateAndSetChildDomain (1ms)
		EndReloadAssembly (567ms)
			LoadAssemblies (51ms)
			RebuildTransferFunctionScriptingTraits (0ms)
			SetupTypeCache (247ms)
			ReleaseScriptCaches (0ms)
			RebuildScriptCaches (34ms)
			SetupLoadedEditorAssemblies (188ms)
				LogAssemblyErrors (0ms)
				InitializePlatformSupportModulesInManaged (4ms)
				SetLoadedEditorAssemblies (0ms)
				RefreshPlugins (60ms)
				BeforeProcessingInitializeOnLoad (9ms)
				ProcessInitializeOnLoadAttributes (82ms)
				ProcessInitializeOnLoadMethodAttributes (32ms)
				AfterProcessingInitializeOnLoad (0ms)
				EditorAssembliesLoaded (0ms)
			ExecutionOrderSort2 (0ms)
			AwakeInstancesAfterBackupRestoration (0ms)
Platform modules already initialized, skipping
Registering precompiled user dll's ...
Registered in 0.111271 seconds.
Begin MonoManager ReloadAssembly
Native extension for WindowsStandalone target not found
Refreshing native plugins compatible for Editor in 60.01 ms, found 2 plugins.
Preloading 0 native plugins for Editor in 0.00 ms.
Mono: successfully reloaded assembly
- Completed reload, in  1.481 seconds
Domain Reload Profiling:
	ReloadAssembly (1485ms)
		BeginReloadAssembly (166ms)
			ExecutionOrderSort (0ms)
			DisableScriptedObjects (5ms)
			BackupInstance (0ms)
			ReleaseScriptingObjects (0ms)
			CreateAndSetChildDomain (20ms)
		EndReloadAssembly (1247ms)
			LoadAssemblies (104ms)
			RebuildTransferFunctionScriptingTraits (0ms)
			SetupTypeCache (354ms)
			ReleaseScriptCaches (1ms)
			RebuildScriptCaches (54ms)
			SetupLoadedEditorAssemblies (592ms)
				LogAssemblyErrors (0ms)
				InitializePlatformSupportModulesInManaged (4ms)
				SetLoadedEditorAssemblies (0ms)
				RefreshPlugins (60ms)
				BeforeProcessingInitializeOnLoad (90ms)
				ProcessInitializeOnLoadAttributes (419ms)
				ProcessInitializeOnLoadMethodAttributes (10ms)
				AfterProcessingInitializeOnLoad (9ms)
				EditorAssembliesLoaded (0ms)
			ExecutionOrderSort2 (0ms)
			AwakeInstancesAfterBackupRestoration (7ms)
Platform modules already initialized, skipping
========================================================================
Worker process is ready to serve import requests
Launched and connected shader compiler UnityShaderCompiler.exe after 0.11 seconds
Refreshing native plugins compatible for Editor in 0.57 ms, found 2 plugins.
Preloading 0 native plugins for Editor in 0.00 ms.
Unloading 2796 Unused Serialized files (Serialized files now loaded: 0)
System memory in use before: 126.5 MB.
System memory in use after: 126.7 MB.

Unloading 20 unused Assets to reduce memory usage. Loaded Objects now: 3231.
Total: 3.866900 ms (FindLiveObjects: 0.290400 ms CreateObjectMapping: 0.176100 ms MarkObjects: 3.311600 ms  DeleteObjects: 0.087600 ms)

AssetImportParameters requested are different than current active one (requested -> active):
  custom:framework-win-MediaFoundation: 216162199b28c13a410421893ffa2e32 -> 
  custom:video-decoder-ogg-theora: a1e56fd34408186e4bbccfd4996cb3dc -> 
  custom:container-muxer-webm: aa71ff27fc2769a1b78a27578f13a17b -> 
  custom:container-demuxer-webm: 4f35f7cbe854078d1ac9338744f61a02 -> 
  custom:container-demuxer-ogg: 62fdf1f143b41e24485cea50d1cbac27 -> 
  custom:video-encoder-webm-vp8: eb34c28f22e8b96e1ab97ce403110664 -> 
  custom:video-decoder-webm-vp8: 9c59270c3fd7afecdb556c50c9e8de78 -> 
  custom:audio-decoder-ogg-vorbis: bf7c407c2cedff20999df2af8eb42d56 -> 
  custom:audio-encoder-webm-vorbis: bf7c407c2cedff20999df2af8eb42d56 -> 
========================================================================
Received Import Request.
  path: Assets/Animations/golemdie 1.anim
  artifactKey: Guid(c167917512994df409aff2c4294714ce) Importer(815301076,1909f56bfc062723c751e8b465ee728b)
Start importing Assets/Animations/golemdie 1.anim using Guid(c167917512994df409aff2c4294714ce) Importer(815301076,1909f56bfc062723c751e8b465ee728b)  -> (artifact id: '4b7d974cc8ae6d0b839979801c3f2bb1') in 0.113171 seconds 
  Import took 0.118930 seconds .

========================================================================
Received Import Request.
  Time since last request: 66.111954 seconds.
  path: Assets/Animations/golem_deaths 1.anim
  artifactKey: Guid(bf77205747f708842b2505ea46e52f93) Importer(815301076,1909f56bfc062723c751e8b465ee728b)
Start importing Assets/Animations/golem_deaths 1.anim using Guid(bf77205747f708842b2505ea46e52f93) Importer(815301076,1909f56bfc062723c751e8b465ee728b)  -> (artifact id: '4d65afe759cec76b1b5041bb4af151ec') in 0.061301 seconds 
  Import took 0.066065 seconds .

========================================================================
Received Import Request.
  Time since last request: 0.577190 seconds.
  path: Assets/Animations/golem_deaths 2.anim
  artifactKey: Guid(8d7ab2de082f52444b58621a63899622) Importer(815301076,1909f56bfc062723c751e8b465ee728b)
Start importing Assets/Animations/golem_deaths 2.anim using Guid(8d7ab2de082f52444b58621a63899622) Importer(815301076,1909f56bfc062723c751e8b465ee728b)  -> (artifact id: '13ff36923467f40165c7470805880463') in 0.063160 seconds 
  Import took 0.068109 seconds .

========================================================================
Received Import Request.
  Time since last request: 0.444102 seconds.
  path: Assets/Animations/golem_deaths 3.anim
  artifactKey: Guid(c23918fdb3fd2df40b66a03ef82f36b6) Importer(815301076,1909f56bfc062723c751e8b465ee728b)
Start importing Assets/Animations/golem_deaths 3.anim using Guid(c23918fdb3fd2df40b66a03ef82f36b6) Importer(815301076,1909f56bfc062723c751e8b465ee728b)  -> (artifact id: 'f17bef52b4721206c89e4373f09901c5') in 0.060242 seconds 
  Import took 0.064950 seconds .

========================================================================
Received Prepare
Registering precompiled user dll's ...
Registered in 0.005252 seconds.
Begin MonoManager ReloadAssembly
Native extension for WindowsStandalone target not found
Refreshing native plugins compatible for Editor in 0.56 ms, found 2 plugins.
Preloading 0 native plugins for Editor in 0.00 ms.
Mono: successfully reloaded assembly
- Completed reload, in  1.130 seconds
Domain Reload Profiling:
	ReloadAssembly (1130ms)
		BeginReloadAssembly (108ms)
			ExecutionOrderSort (0ms)
			DisableScriptedObjects (4ms)
			BackupInstance (0ms)
			ReleaseScriptingObjects (0ms)
			CreateAndSetChildDomain (34ms)
		EndReloadAssembly (962ms)
			LoadAssemblies (87ms)
			RebuildTransferFunctionScriptingTraits (0ms)
			SetupTypeCache (414ms)
			ReleaseScriptCaches (2ms)
			RebuildScriptCaches (42ms)
			SetupLoadedEditorAssemblies (297ms)
				LogAssemblyErrors (0ms)
				InitializePlatformSupportModulesInManaged (4ms)
				SetLoadedEditorAssemblies (1ms)
				RefreshPlugins (1ms)
				BeforeProcessingInitializeOnLoad (68ms)
				ProcessInitializeOnLoadAttributes (207ms)
				ProcessInitializeOnLoadMethodAttributes (9ms)
				AfterProcessingInitializeOnLoad (7ms)
				EditorAssembliesLoaded (0ms)
			ExecutionOrderSort2 (0ms)
			AwakeInstancesAfterBackupRestoration (14ms)
Platform modules already initialized, skipping
Refreshing native plugins compatible for Editor in 0.51 ms, found 2 plugins.
Preloading 0 native plugins for Editor in 0.00 ms.
Unloading 2686 Unused Serialized files (Serialized files now loaded: 0)
System memory in use before: 119.3 MB.
System memory in use after: 119.5 MB.

Unloading 15 unused Assets to reduce memory usage. Loaded Objects now: 3233.
Total: 4.153700 ms (FindLiveObjects: 0.279800 ms CreateObjectMapping: 0.125600 ms MarkObjects: 3.725400 ms  DeleteObjects: 0.021600 ms)

AssetImportParameters requested are different than current active one (requested -> active):
  custom:framework-win-MediaFoundation: 216162199b28c13a410421893ffa2e32 -> 
  custom:video-decoder-ogg-theora: a1e56fd34408186e4bbccfd4996cb3dc -> 
  custom:container-muxer-webm: aa71ff27fc2769a1b78a27578f13a17b -> 
  custom:container-demuxer-webm: 4f35f7cbe854078d1ac9338744f61a02 -> 
  custom:container-demuxer-ogg: 62fdf1f143b41e24485cea50d1cbac27 -> 
  custom:video-encoder-webm-vp8: eb34c28f22e8b96e1ab97ce403110664 -> 
  custom:video-decoder-webm-vp8: 9c59270c3fd7afecdb556c50c9e8de78 -> 
  custom:audio-decoder-ogg-vorbis: bf7c407c2cedff20999df2af8eb42d56 -> 
  custom:audio-encoder-webm-vorbis: bf7c407c2cedff20999df2af8eb42d56 -> 
========================================================================
Received Import Request.
  Time since last request: 548.297183 seconds.
  path: Assets/Animations/golem_deaths.anim
  artifactKey: Guid(b676fd8253f96b442b1bd3a0a9714b83) Importer(815301076,1909f56bfc062723c751e8b465ee728b)
Start importing Assets/Animations/golem_deaths.anim using Guid(b676fd8253f96b442b1bd3a0a9714b83) Importer(815301076,1909f56bfc062723c751e8b465ee728b)  -> (artifact id: '9ae621b724258fdfb172294e5b47f06b') in 0.031434 seconds 
  Import took 0.036225 seconds .

========================================================================
Received Import Request.
  Time since last request: 72.769098 seconds.
  path: Assets/Animations/Kunkista_strut.anim
  artifactKey: Guid(d4bf07f8d7c855745bbcb0950c947dba) Importer(815301076,1909f56bfc062723c751e8b465ee728b)
Start importing Assets/Animations/Kunkista_strut.anim using Guid(d4bf07f8d7c855745bbcb0950c947dba) Importer(815301076,1909f56bfc062723c751e8b465ee728b)  -> (artifact id: '2c14ac18d2425ca8966db484ed9423d4') in 0.384973 seconds 
  Import took 0.389593 seconds .

========================================================================
Received Import Request.
  Time since last request: 4.041562 seconds.
  path: Assets/Animations/Kunkista_strut 1.anim
  artifactKey: Guid(438b28c742c0a0e4488067d7d684d2ab) Importer(815301076,1909f56bfc062723c751e8b465ee728b)
Start importing Assets/Animations/Kunkista_strut 1.anim using Guid(438b28c742c0a0e4488067d7d684d2ab) Importer(815301076,1909f56bfc062723c751e8b465ee728b)  -> (artifact id: '2f4674c5f7edc425ec9adaeb5256ae79') in 0.512099 seconds 
  Import took 0.519799 seconds .

========================================================================
Received Import Request.
  Time since last request: 201.598504 seconds.
  path: Assets/Animations/anaru_kick 1.anim
  artifactKey: Guid(215b08c7760a223439620c3deadc7841) Importer(815301076,1909f56bfc062723c751e8b465ee728b)
Start importing Assets/Animations/anaru_kick 1.anim using Guid(215b08c7760a223439620c3deadc7841) Importer(815301076,1909f56bfc062723c751e8b465ee728b)  -> (artifact id: '390d7242e49fa4f8032327bf5c8ecccb') in 0.084442 seconds 
  Import took 0.090521 seconds .

========================================================================
Received Import Request.
  Time since last request: 476.644698 seconds.
  path: Assets/Animations/kunkista 2.controller
  artifactKey: Guid(7aeeb419349357f458ca02a981bb5b70) Importer(815301076,1909f56bfc062723c751e8b465ee728b)
Start importing Assets/Animations/kunkista 2.controller using Guid(7aeeb419349357f458ca02a981bb5b70) Importer(815301076,1909f56bfc062723c751e8b465ee728b)  -> (artifact id: 'bff3fac79fdb23cf57ffcf7d5a990fd2') in 0.038140 seconds 
  Import took 0.046263 seconds .

========================================================================
Received Import Request.
  Time since last request: 13.498125 seconds.
  path: Assets/Animations/Kunkista_strut.anim
  artifactKey: Guid(d4bf07f8d7c855745bbcb0950c947dba) Importer(815301076,1909f56bfc062723c751e8b465ee728b)
Start importing Assets/Animations/Kunkista_strut.anim using Guid(d4bf07f8d7c855745bbcb0950c947dba) Importer(815301076,1909f56bfc062723c751e8b465ee728b)  -> (artifact id: '5fe2f3b25e580d2ee1fa7b96831fac5e') in 0.025591 seconds 
  Import took 0.032505 seconds .

========================================================================
Received Import Request.
  Time since last request: 11.461998 seconds.
  path: Assets/Animations/anaru_kick.anim
  artifactKey: Guid(9842e7b5d22e3d249b961f765a772105) Importer(815301076,1909f56bfc062723c751e8b465ee728b)
Start importing Assets/Animations/anaru_kick.anim using Guid(9842e7b5d22e3d249b961f765a772105) Importer(815301076,1909f56bfc062723c751e8b465ee728b)  -> (artifact id: '695c91142bf49fd83039918132edb52e') in 0.036461 seconds 
  Import took 0.041637 seconds .

========================================================================
Received Prepare
Registering precompiled user dll's ...
Registered in 0.007356 seconds.
Begin MonoManager ReloadAssembly
Native extension for WindowsStandalone target not found
Refreshing native plugins compatible for Editor in 0.68 ms, found 2 plugins.
Preloading 0 native plugins for Editor in 0.00 ms.
Mono: successfully reloaded assembly
- Completed reload, in  1.519 seconds
Domain Reload Profiling:
	ReloadAssembly (1519ms)
		BeginReloadAssembly (149ms)
			ExecutionOrderSort (0ms)
			DisableScriptedObjects (6ms)
			BackupInstance (0ms)
			ReleaseScriptingObjects (0ms)
			CreateAndSetChildDomain (43ms)
		EndReloadAssembly (1285ms)
			LoadAssemblies (128ms)
			RebuildTransferFunctionScriptingTraits (0ms)
			SetupTypeCache (466ms)
			ReleaseScriptCaches (2ms)
			RebuildScriptCaches (62ms)
			SetupLoadedEditorAssemblies (450ms)
				LogAssemblyErrors (0ms)
				InitializePlatformSupportModulesInManaged (6ms)
				SetLoadedEditorAssemblies (1ms)
				RefreshPlugins (1ms)
				BeforeProcessingInitializeOnLoad (101ms)
				ProcessInitializeOnLoadAttributes (315ms)
				ProcessInitializeOnLoadMethodAttributes (14ms)
				AfterProcessingInitializeOnLoad (12ms)
				EditorAssembliesLoaded (0ms)
			ExecutionOrderSort2 (0ms)
			AwakeInstancesAfterBackupRestoration (15ms)
Platform modules already initialized, skipping
Refreshing native plugins compatible for Editor in 0.73 ms, found 2 plugins.
Preloading 0 native plugins for Editor in 0.00 ms.
Unloading 2686 Unused Serialized files (Serialized files now loaded: 0)
System memory in use before: 119.3 MB.
System memory in use after: 119.5 MB.

Unloading 15 unused Assets to reduce memory usage. Loaded Objects now: 3235.
Total: 5.369400 ms (FindLiveObjects: 0.354400 ms CreateObjectMapping: 0.173000 ms MarkObjects: 4.814500 ms  DeleteObjects: 0.026200 ms)

AssetImportParameters requested are different than current active one (requested -> active):
  custom:framework-win-MediaFoundation: 216162199b28c13a410421893ffa2e32 -> 
  custom:video-decoder-ogg-theora: a1e56fd34408186e4bbccfd4996cb3dc -> 
  custom:container-muxer-webm: aa71ff27fc2769a1b78a27578f13a17b -> 
  custom:container-demuxer-webm: 4f35f7cbe854078d1ac9338744f61a02 -> 
  custom:container-demuxer-ogg: 62fdf1f143b41e24485cea50d1cbac27 -> 
  custom:video-encoder-webm-vp8: eb34c28f22e8b96e1ab97ce403110664 -> 
  custom:video-decoder-webm-vp8: 9c59270c3fd7afecdb556c50c9e8de78 -> 
  custom:audio-decoder-ogg-vorbis: bf7c407c2cedff20999df2af8eb42d56 -> 
  custom:audio-encoder-webm-vorbis: bf7c407c2cedff20999df2af8eb42d56 -> 
========================================================================
Received Import Request.
  Time since last request: 75.533014 seconds.
  path: Assets/Animations/kunkista 2.controller
  artifactKey: Guid(7aeeb419349357f458ca02a981bb5b70) Importer(815301076,1909f56bfc062723c751e8b465ee728b)
Start importing Assets/Animations/kunkista 2.controller using Guid(7aeeb419349357f458ca02a981bb5b70) Importer(815301076,1909f56bfc062723c751e8b465ee728b)  -> (artifact id: '53a956203f5c359e06d08dea6f9e55fc') in 0.036100 seconds 
  Import took 0.041661 seconds .

========================================================================
Received Import Request.
  Time since last request: 1.192019 seconds.
  path: Assets/Animations/Kunkista_strut.anim
  artifactKey: Guid(d4bf07f8d7c855745bbcb0950c947dba) Importer(815301076,1909f56bfc062723c751e8b465ee728b)
Start importing Assets/Animations/Kunkista_strut.anim using Guid(d4bf07f8d7c855745bbcb0950c947dba) Importer(815301076,1909f56bfc062723c751e8b465ee728b)  -> (artifact id: '93f184c4e91f3b8044f197991792cadb') in 0.019680 seconds 
  Import took 0.024894 seconds .

========================================================================
Received Import Request.
  Time since last request: 5.152256 seconds.
  path: Assets/Animations/anaru_kick.anim
  artifactKey: Guid(9842e7b5d22e3d249b961f765a772105) Importer(815301076,1909f56bfc062723c751e8b465ee728b)
Start importing Assets/Animations/anaru_kick.anim using Guid(9842e7b5d22e3d249b961f765a772105) Importer(815301076,1909f56bfc062723c751e8b465ee728b)  -> (artifact id: '0e42f2e07eb05575bd354fd8ba82adae') in 0.033502 seconds 
  Import took 0.038509 seconds .

========================================================================
Received Prepare
Registering precompiled user dll's ...
Registered in 0.011926 seconds.
Begin MonoManager ReloadAssembly
Native extension for WindowsStandalone target not found
Refreshing native plugins compatible for Editor in 0.78 ms, found 2 plugins.
Preloading 0 native plugins for Editor in 0.00 ms.
Mono: successfully reloaded assembly
- Completed reload, in  1.906 seconds
Domain Reload Profiling:
	ReloadAssembly (1906ms)
		BeginReloadAssembly (211ms)
			ExecutionOrderSort (0ms)
			DisableScriptedObjects (9ms)
			BackupInstance (0ms)
			ReleaseScriptingObjects (0ms)
			CreateAndSetChildDomain (65ms)
		EndReloadAssembly (1575ms)
			LoadAssemblies (181ms)
			RebuildTransferFunctionScriptingTraits (0ms)
			SetupTypeCache (607ms)
			ReleaseScriptCaches (2ms)
			RebuildScriptCaches (78ms)
			SetupLoadedEditorAssemblies (515ms)
				LogAssemblyErrors (0ms)
				InitializePlatformSupportModulesInManaged (7ms)
				SetLoadedEditorAssemblies (1ms)
				RefreshPlugins (1ms)
				BeforeProcessingInitializeOnLoad (124ms)
				ProcessInitializeOnLoadAttributes (352ms)
				ProcessInitializeOnLoadMethodAttributes (17ms)
				AfterProcessingInitializeOnLoad (13ms)
				EditorAssembliesLoaded (0ms)
			ExecutionOrderSort2 (0ms)
			AwakeInstancesAfterBackupRestoration (18ms)
Platform modules already initialized, skipping
Refreshing native plugins compatible for Editor in 0.78 ms, found 2 plugins.
Preloading 0 native plugins for Editor in 0.00 ms.
Unloading 2686 Unused Serialized files (Serialized files now loaded: 0)
System memory in use before: 119.3 MB.
System memory in use after: 119.6 MB.

Unloading 15 unused Assets to reduce memory usage. Loaded Objects now: 3237.
Total: 5.338600 ms (FindLiveObjects: 0.381400 ms CreateObjectMapping: 0.200900 ms MarkObjects: 4.727500 ms  DeleteObjects: 0.026900 ms)

AssetImportParameters requested are different than current active one (requested -> active):
  custom:framework-win-MediaFoundation: 216162199b28c13a410421893ffa2e32 -> 
  custom:video-decoder-ogg-theora: a1e56fd34408186e4bbccfd4996cb3dc -> 
  custom:container-muxer-webm: aa71ff27fc2769a1b78a27578f13a17b -> 
  custom:container-demuxer-webm: 4f35f7cbe854078d1ac9338744f61a02 -> 
  custom:container-demuxer-ogg: 62fdf1f143b41e24485cea50d1cbac27 -> 
  custom:video-encoder-webm-vp8: eb34c28f22e8b96e1ab97ce403110664 -> 
  custom:video-decoder-webm-vp8: 9c59270c3fd7afecdb556c50c9e8de78 -> 
  custom:audio-decoder-ogg-vorbis: bf7c407c2cedff20999df2af8eb42d56 -> 
  custom:audio-encoder-webm-vorbis: bf7c407c2cedff20999df2af8eb42d56 -> 
========================================================================
Received Prepare
Registering precompiled user dll's ...
Registered in 0.038798 seconds.
Begin MonoManager ReloadAssembly
Native extension for WindowsStandalone target not found
Refreshing native plugins compatible for Editor in 1.52 ms, found 2 plugins.
Preloading 0 native plugins for Editor in 0.00 ms.
Mono: successfully reloaded assembly
- Completed reload, in  5.734 seconds
Domain Reload Profiling:
	ReloadAssembly (5736ms)
		BeginReloadAssembly (786ms)
			ExecutionOrderSort (0ms)
			DisableScriptedObjects (44ms)
			BackupInstance (0ms)
			ReleaseScriptingObjects (0ms)
			CreateAndSetChildDomain (216ms)
		EndReloadAssembly (4459ms)
			LoadAssemblies (623ms)
			RebuildTransferFunctionScriptingTraits (0ms)
			SetupTypeCache (1873ms)
			ReleaseScriptCaches (5ms)
			RebuildScriptCaches (334ms)
			SetupLoadedEditorAssemblies (1149ms)
				LogAssemblyErrors (0ms)
				InitializePlatformSupportModulesInManaged (17ms)
				SetLoadedEditorAssemblies (2ms)
				RefreshPlugins (2ms)
				BeforeProcessingInitializeOnLoad (283ms)
				ProcessInitializeOnLoadAttributes (786ms)
				ProcessInitializeOnLoadMethodAttributes (31ms)
				AfterProcessingInitializeOnLoad (27ms)
				EditorAssembliesLoaded (1ms)
			ExecutionOrderSort2 (0ms)
			AwakeInstancesAfterBackupRestoration (37ms)
Platform modules already initialized, skipping
Refreshing native plugins compatible for Editor in 1.48 ms, found 2 plugins.
Preloading 0 native plugins for Editor in 0.00 ms.
Unloading 2686 Unused Serialized files (Serialized files now loaded: 0)
System memory in use before: 119.4 MB.
System memory in use after: 119.6 MB.

Unloading 15 unused Assets to reduce memory usage. Loaded Objects now: 3239.
Total: 10.287900 ms (FindLiveObjects: 0.641000 ms CreateObjectMapping: 0.425700 ms MarkObjects: 9.146400 ms  DeleteObjects: 0.070900 ms)

AssetImportParameters requested are different than current active one (requested -> active):
  custom:framework-win-MediaFoundation: 216162199b28c13a410421893ffa2e32 -> 
  custom:video-decoder-ogg-theora: a1e56fd34408186e4bbccfd4996cb3dc -> 
  custom:container-muxer-webm: aa71ff27fc2769a1b78a27578f13a17b -> 
  custom:container-demuxer-webm: 4f35f7cbe854078d1ac9338744f61a02 -> 
  custom:container-demuxer-ogg: 62fdf1f143b41e24485cea50d1cbac27 -> 
  custom:video-encoder-webm-vp8: eb34c28f22e8b96e1ab97ce403110664 -> 
  custom:video-decoder-webm-vp8: 9c59270c3fd7afecdb556c50c9e8de78 -> 
  custom:audio-decoder-ogg-vorbis: bf7c407c2cedff20999df2af8eb42d56 -> 
  custom:audio-encoder-webm-vorbis: bf7c407c2cedff20999df2af8eb42d56 -> 
========================================================================
Received Import Request.
  Time since last request: 903.358036 seconds.
  path: Assets/Animations/Anaru.controller
  artifactKey: Guid(2b212f65462d38e4cbc2c79285585de4) Importer(815301076,1909f56bfc062723c751e8b465ee728b)
Start importing Assets/Animations/Anaru.controller using Guid(2b212f65462d38e4cbc2c79285585de4) Importer(815301076,1909f56bfc062723c751e8b465ee728b)  -> (artifact id: 'd8d00299577291887d1e9e2a1d1a8ba1') in 0.035111 seconds 
  Import took 0.041565 seconds .

========================================================================
Received Import Request.
  Time since last request: 1.488451 seconds.
  path: Assets/Animations/Anaru 2.controller
  artifactKey: Guid(def5409896ea45f43a11801a84a6417d) Importer(815301076,1909f56bfc062723c751e8b465ee728b)
Start importing Assets/Animations/Anaru 2.controller using Guid(def5409896ea45f43a11801a84a6417d) Importer(815301076,1909f56bfc062723c751e8b465ee728b)  -> (artifact id: '873e333791c0e37b6a23772e8a929933') in 0.034291 seconds 
  Import took 0.039191 seconds .

========================================================================
Received Import Request.
  Time since last request: 4.249191 seconds.
  path: Assets/Animations/Beta_Surface.controller
  artifactKey: Guid(797464a954e06914c96a8bad27a91ebe) Importer(815301076,1909f56bfc062723c751e8b465ee728b)
Start importing Assets/Animations/Beta_Surface.controller using Guid(797464a954e06914c96a8bad27a91ebe) Importer(815301076,1909f56bfc062723c751e8b465ee728b)  -> (artifact id: '1076a3dfb33af642df168367e18da6e9') in 0.061482 seconds 
  Import took 0.066560 seconds .

========================================================================
Received Import Request.
  Time since last request: 5.695405 seconds.
  path: Assets/Animations/kunkista 1.controller
  artifactKey: Guid(facfff40a32717e47bfc4689dc0f5780) Importer(815301076,1909f56bfc062723c751e8b465ee728b)
Start importing Assets/Animations/kunkista 1.controller using Guid(facfff40a32717e47bfc4689dc0f5780) Importer(815301076,1909f56bfc062723c751e8b465ee728b)  -> (artifact id: '3adacc360266696a6422e9075c86089f') in 0.009988 seconds 
  Import took 0.014846 seconds .

========================================================================
Received Import Request.
  Time since last request: 14.307839 seconds.
  path: Assets/Animations/golemdie.anim
  artifactKey: Guid(3537af88b06140546b6356ba67af8da5) Importer(815301076,1909f56bfc062723c751e8b465ee728b)
Start importing Assets/Animations/golemdie.anim using Guid(3537af88b06140546b6356ba67af8da5) Importer(815301076,1909f56bfc062723c751e8b465ee728b)  -> (artifact id: '7ae7ba72808280836660e75406d85c48') in 0.062057 seconds 
  Import took 0.067213 seconds .

========================================================================
Received Import Request.
  Time since last request: 12.870254 seconds.
  path: Assets/Animations/golemdie 2.anim
  artifactKey: Guid(1dcda3c61d1675f48a4d7d792ace9b5a) Importer(815301076,1909f56bfc062723c751e8b465ee728b)
Start importing Assets/Animations/golemdie 2.anim using Guid(1dcda3c61d1675f48a4d7d792ace9b5a) Importer(815301076,1909f56bfc062723c751e8b465ee728b)  -> (artifact id: '25205a4aff65e1f89af4875b3d64317c') in 0.065144 seconds 
  Import took 0.070191 seconds .

========================================================================
Received Prepare
Registering precompiled user dll's ...
Registered in 0.013679 seconds.
Begin MonoManager ReloadAssembly
Native extension for WindowsStandalone target not found
Refreshing native plugins compatible for Editor in 0.61 ms, found 2 plugins.
Preloading 0 native plugins for Editor in 0.00 ms.
Mono: successfully reloaded assembly
- Completed reload, in  1.307 seconds
Domain Reload Profiling:
	ReloadAssembly (1308ms)
		BeginReloadAssembly (161ms)
			ExecutionOrderSort (0ms)
			DisableScriptedObjects (6ms)
			BackupInstance (0ms)
			ReleaseScriptingObjects (0ms)
			CreateAndSetChildDomain (48ms)
		EndReloadAssembly (1061ms)
			LoadAssemblies (124ms)
			RebuildTransferFunctionScriptingTraits (0ms)
			SetupTypeCache (397ms)
			ReleaseScriptCaches (1ms)
			RebuildScriptCaches (52ms)
			SetupLoadedEditorAssemblies (357ms)
				LogAssemblyErrors (0ms)
				InitializePlatformSupportModulesInManaged (5ms)
				SetLoadedEditorAssemblies (1ms)
				RefreshPlugins (1ms)
				BeforeProcessingInitializeOnLoad (86ms)
				ProcessInitializeOnLoadAttributes (245ms)
				ProcessInitializeOnLoadMethodAttributes (10ms)
				AfterProcessingInitializeOnLoad (9ms)
				EditorAssembliesLoaded (0ms)
			ExecutionOrderSort2 (0ms)
			AwakeInstancesAfterBackupRestoration (12ms)
Platform modules already initialized, skipping
Refreshing native plugins compatible for Editor in 0.60 ms, found 2 plugins.
Preloading 0 native plugins for Editor in 0.00 ms.
Unloading 2686 Unused Serialized files (Serialized files now loaded: 0)
System memory in use before: 119.4 MB.
System memory in use after: 119.6 MB.

Unloading 15 unused Assets to reduce memory usage. Loaded Objects now: 3241.
Total: 4.340000 ms (FindLiveObjects: 0.297000 ms CreateObjectMapping: 0.150800 ms MarkObjects: 3.870400 ms  DeleteObjects: 0.020600 ms)

AssetImportParameters requested are different than current active one (requested -> active):
  custom:framework-win-MediaFoundation: 216162199b28c13a410421893ffa2e32 -> 
  custom:video-decoder-ogg-theora: a1e56fd34408186e4bbccfd4996cb3dc -> 
  custom:container-muxer-webm: aa71ff27fc2769a1b78a27578f13a17b -> 
  custom:container-demuxer-webm: 4f35f7cbe854078d1ac9338744f61a02 -> 
  custom:container-demuxer-ogg: 62fdf1f143b41e24485cea50d1cbac27 -> 
  custom:video-encoder-webm-vp8: eb34c28f22e8b96e1ab97ce403110664 -> 
  custom:video-decoder-webm-vp8: 9c59270c3fd7afecdb556c50c9e8de78 -> 
  custom:audio-decoder-ogg-vorbis: bf7c407c2cedff20999df2af8eb42d56 -> 
  custom:audio-encoder-webm-vorbis: bf7c407c2cedff20999df2af8eb42d56 -> 
========================================================================
Received Import Request.
  Time since last request: 299.646695 seconds.
  path: Assets/Animations/kunkista.controller
  artifactKey: Guid(4cd4cede4c03e5848a843e3db2e43d4a) Importer(815301076,1909f56bfc062723c751e8b465ee728b)
Start importing Assets/Animations/kunkista.controller using Guid(4cd4cede4c03e5848a843e3db2e43d4a) Importer(815301076,1909f56bfc062723c751e8b465ee728b)  -> (artifact id: '359498974b2645219da254c4bd032d11') in 0.070324 seconds 
  Import took 0.075809 seconds .

========================================================================
Received Import Request.
  Time since last request: 499.824294 seconds.
  path: Assets/Animations/golem_deaths 2.anim
  artifactKey: Guid(8d7ab2de082f52444b58621a63899622) Importer(815301076,1909f56bfc062723c751e8b465ee728b)
Start importing Assets/Animations/golem_deaths 2.anim using Guid(8d7ab2de082f52444b58621a63899622) Importer(815301076,1909f56bfc062723c751e8b465ee728b)  -> (artifact id: '9973d18c89374083c67954106732e783') in 0.031096 seconds 
  Import took 0.036814 seconds .

========================================================================
Received Import Request.
  Time since last request: 5.080916 seconds.
  path: Assets/Animations/Anaru.controller
  artifactKey: Guid(2b212f65462d38e4cbc2c79285585de4) Importer(815301076,1909f56bfc062723c751e8b465ee728b)
Start importing Assets/Animations/Anaru.controller using Guid(2b212f65462d38e4cbc2c79285585de4) Importer(815301076,1909f56bfc062723c751e8b465ee728b)  -> (artifact id: 'ead21bdd35d70bf48f10d8c54521f870') in 0.003371 seconds 
  Import took 0.008420 seconds .

========================================================================
Received Import Request.
  Time since last request: 30.650462 seconds.
  path: Assets/Animations/Anaru_strut 1.anim
  artifactKey: Guid(0de3de20d951b074583ee50b59ed242a) Importer(815301076,1909f56bfc062723c751e8b465ee728b)
Start importing Assets/Animations/Anaru_strut 1.anim using Guid(0de3de20d951b074583ee50b59ed242a) Importer(815301076,1909f56bfc062723c751e8b465ee728b)  -> (artifact id: '8ed6b471304a26adfdc701fc7df7fd3b') in 0.059113 seconds 
  Import took 0.063646 seconds .

========================================================================
Received Prepare
Registering precompiled user dll's ...
Registered in 0.006659 seconds.
Begin MonoManager ReloadAssembly
Native extension for WindowsStandalone target not found
Refreshing native plugins compatible for Editor in 0.66 ms, found 2 plugins.
Preloading 0 native plugins for Editor in 0.00 ms.
Mono: successfully reloaded assembly
- Completed reload, in  1.614 seconds
Domain Reload Profiling:
	ReloadAssembly (1615ms)
		BeginReloadAssembly (149ms)
			ExecutionOrderSort (0ms)
			DisableScriptedObjects (6ms)
			BackupInstance (0ms)
			ReleaseScriptingObjects (0ms)
			CreateAndSetChildDomain (44ms)
		EndReloadAssembly (1366ms)
			LoadAssemblies (142ms)
			RebuildTransferFunctionScriptingTraits (0ms)
			SetupTypeCache (471ms)
			ReleaseScriptCaches (2ms)
			RebuildScriptCaches (65ms)
			SetupLoadedEditorAssemblies (499ms)
				LogAssemblyErrors (0ms)
				InitializePlatformSupportModulesInManaged (6ms)
				SetLoadedEditorAssemblies (1ms)
				RefreshPlugins (1ms)
				BeforeProcessingInitializeOnLoad (100ms)
				ProcessInitializeOnLoadAttributes (361ms)
				ProcessInitializeOnLoadMethodAttributes (16ms)
				AfterProcessingInitializeOnLoad (15ms)
				EditorAssembliesLoaded (0ms)
			ExecutionOrderSort2 (0ms)
			AwakeInstancesAfterBackupRestoration (18ms)
Platform modules already initialized, skipping
Refreshing native plugins compatible for Editor in 0.94 ms, found 2 plugins.
Preloading 0 native plugins for Editor in 0.00 ms.
Unloading 2686 Unused Serialized files (Serialized files now loaded: 0)
System memory in use before: 119.4 MB.
System memory in use after: 119.6 MB.

Unloading 15 unused Assets to reduce memory usage. Loaded Objects now: 3243.
Total: 7.776200 ms (FindLiveObjects: 0.547900 ms CreateObjectMapping: 0.249100 ms MarkObjects: 6.938600 ms  DeleteObjects: 0.038500 ms)

AssetImportParameters requested are different than current active one (requested -> active):
  custom:framework-win-MediaFoundation: 216162199b28c13a410421893ffa2e32 -> 
  custom:video-decoder-ogg-theora: a1e56fd34408186e4bbccfd4996cb3dc -> 
  custom:container-muxer-webm: aa71ff27fc2769a1b78a27578f13a17b -> 
  custom:container-demuxer-webm: 4f35f7cbe854078d1ac9338744f61a02 -> 
  custom:container-demuxer-ogg: 62fdf1f143b41e24485cea50d1cbac27 -> 
  custom:video-encoder-webm-vp8: eb34c28f22e8b96e1ab97ce403110664 -> 
  custom:video-decoder-webm-vp8: 9c59270c3fd7afecdb556c50c9e8de78 -> 
  custom:audio-decoder-ogg-vorbis: bf7c407c2cedff20999df2af8eb42d56 -> 
  custom:audio-encoder-webm-vorbis: bf7c407c2cedff20999df2af8eb42d56 -> 
========================================================================
Received Import Request.
  Time since last request: 479.664944 seconds.
  path: Assets/Animations/punch.anim
  artifactKey: Guid(74bd296f25301f540875c451dbf9b78e) Importer(815301076,1909f56bfc062723c751e8b465ee728b)
Start importing Assets/Animations/punch.anim using Guid(74bd296f25301f540875c451dbf9b78e) Importer(815301076,1909f56bfc062723c751e8b465ee728b)  -> (artifact id: 'e60f7e1d55555f590a898b289523a8d8') in 0.050731 seconds 
  Import took 0.056853 seconds .

========================================================================
Received Import Request.
  Time since last request: 1.139492 seconds.
  path: Assets/Animations/Kunkista_strut.anim
  artifactKey: Guid(d4bf07f8d7c855745bbcb0950c947dba) Importer(815301076,1909f56bfc062723c751e8b465ee728b)
Start importing Assets/Animations/Kunkista_strut.anim using Guid(d4bf07f8d7c855745bbcb0950c947dba) Importer(815301076,1909f56bfc062723c751e8b465ee728b)  -> (artifact id: '3efd44b828d7f2837af27f6fc0bb646a') in 0.020969 seconds 
  Import took 0.025992 seconds .

========================================================================
Received Import Request.
  Time since last request: 44.482674 seconds.
  path: Assets/Animations/Kunkista_strut 2.anim
  artifactKey: Guid(2e6c901556e2a49488297166c00e8faf) Importer(815301076,1909f56bfc062723c751e8b465ee728b)
Start importing Assets/Animations/Kunkista_strut 2.anim using Guid(2e6c901556e2a49488297166c00e8faf) Importer(815301076,1909f56bfc062723c751e8b465ee728b)  -> (artifact id: '8e358fbb721f29e4739f850edce57124') in 0.406360 seconds 
  Import took 0.415766 seconds .

========================================================================
Received Import Request.
  Time since last request: 449.763950 seconds.
  path: Assets/Animations/kunkista 1.controller
  artifactKey: Guid(facfff40a32717e47bfc4689dc0f5780) Importer(815301076,1909f56bfc062723c751e8b465ee728b)
Start importing Assets/Animations/kunkista 1.controller using Guid(facfff40a32717e47bfc4689dc0f5780) Importer(815301076,1909f56bfc062723c751e8b465ee728b)  -> (artifact id: '16440e30a234faf0842e9caf51613d92') in 0.021016 seconds 
  Import took 0.027061 seconds .

========================================================================
Received Import Request.
  Time since last request: 9.489248 seconds.
  path: Assets/Animations/Kunkista_strut 2.anim
  artifactKey: Guid(2e6c901556e2a49488297166c00e8faf) Importer(815301076,1909f56bfc062723c751e8b465ee728b)
Start importing Assets/Animations/Kunkista_strut 2.anim using Guid(2e6c901556e2a49488297166c00e8faf) Importer(815301076,1909f56bfc062723c751e8b465ee728b)  -> (artifact id: 'c84bd00e1509b9ca38035f2e904215c6') in 0.022030 seconds 
  Import took 0.027116 seconds .

========================================================================
Received Import Request.
  Time since last request: 8.365084 seconds.
  path: Assets/Animations/Kunkista_strut 2.anim
  artifactKey: Guid(e3b2b6eba929ca346a1a3cb4d9103e1b) Importer(815301076,1909f56bfc062723c751e8b465ee728b)
Start importing Assets/Animations/Kunkista_strut 2.anim using Guid(e3b2b6eba929ca346a1a3cb4d9103e1b) Importer(815301076,1909f56bfc062723c751e8b465ee728b)  -> (artifact id: 'b8088d55b222f9daeab255b2bd5913f6') in 0.381540 seconds 
  Import took 0.386137 seconds .

AssetImportWorkerClient::OnTransportError - code=2 error=End of file
